<?xml version="1.0" encoding="UTF-8"?>
<!-- Generated by org.testng.reporters.JUnitReportReporter -->
<testsuite hostname="DESKTOP-4DEEQQQ" failures="0" tests="8" name="com.TestLayer.HomePageTest" time="23.187" errors="0" timestamp="2022-04-28T15:30:32 IST" skipped="0">
  <testcase classname="com.TestLayer.HomePageTest" name="validateLogin" time="8.467"/>
  <system-out/>
  <testcase classname="com.TestLayer.HomePageTest" name="validateTitle" time="0.057"/>
  <system-out/>
  <testcase classname="com.TestLayer.HomePageTest" name="validateUrl" time="0.031"/>
  <system-out/>
  <testcase classname="com.TestLayer.HomePageTest" name="validateLogo" time="0.110"/>
  <system-out/>
  <testcase classname="com.TestLayer.HomePageTest" name="validateAdminPage" time="3.703"/>
  <system-out/>
  <testcase classname="com.TestLayer.HomePageTest" name="validatePimPage" time="2.378"/>
  <system-out/>
  <testcase classname="com.TestLayer.HomePageTest" name="validateleavePage" time="3.378"/>
  <system-out/>
  <testcase classname="com.TestLayer.HomePageTest" name="validateMyInfoPage" time="5.063"/>
  <system-out/>
</testsuite> <!-- com.TestLayer.HomePageTest -->
