<?xml version="1.0" encoding="UTF-8"?>
<!-- Generated by org.testng.reporters.JUnitReportReporter -->
<testsuite hostname="DESKTOP-4DEEQQQ" failures="0" tests="1" name="com.TestLayer.LoginPageTest" time="6.242" errors="0" timestamp="2022-04-28T15:30:32 IST" skipped="0">
  <testcase classname="com.TestLayer.LoginPageTest" name="validateLoginFunctionality" time="6.242"/>
  <system-out/>
</testsuite> <!-- com.TestLayer.LoginPageTest -->
